c:\users\layla h\source\repos\pascalcompiler\pascalcompiler\debug\vc142.pdb
c:\users\layla h\source\repos\pascalcompiler\pascalcompiler\debug\vc142.idb
c:\users\layla h\source\repos\pascalcompiler\pascalcompiler\debug\parser.obj
c:\users\layla h\source\repos\pascalcompiler\pascalcompiler\debug\error.obj
c:\users\layla h\source\repos\pascalcompiler\pascalcompiler\debug\lexer.obj
c:\users\layla h\source\repos\pascalcompiler\pascalcompiler\debug\symbol.obj
c:\users\layla h\source\repos\pascalcompiler\pascalcompiler\debug\main.obj
c:\users\layla h\source\repos\pascalcompiler\pascalcompiler\debug\init.obj
c:\users\layla h\source\repos\pascalcompiler\pascalcompiler\debug\emitter.obj
c:\users\layla h\source\repos\pascalcompiler\debug\pascalcompiler.exe
c:\users\layla h\source\repos\pascalcompiler\debug\pascalcompiler.ilk
c:\users\layla h\source\repos\pascalcompiler\debug\pascalcompiler.pdb
c:\users\layla h\source\repos\pascalcompiler\pascalcompiler\debug\emitter.obj.enc
c:\users\layla h\source\repos\pascalcompiler\pascalcompiler\debug\parser.obj.enc
c:\users\layla h\source\repos\pascalcompiler\pascalcompiler\debug\pascalcompiler.tlog\cl.command.1.tlog
c:\users\layla h\source\repos\pascalcompiler\pascalcompiler\debug\pascalcompiler.tlog\cl.read.1.tlog
c:\users\layla h\source\repos\pascalcompiler\pascalcompiler\debug\pascalcompiler.tlog\cl.write.1.tlog
c:\users\layla h\source\repos\pascalcompiler\pascalcompiler\debug\pascalcompiler.tlog\link.command.1.tlog
c:\users\layla h\source\repos\pascalcompiler\pascalcompiler\debug\pascalcompiler.tlog\link.read.1.tlog
c:\users\layla h\source\repos\pascalcompiler\pascalcompiler\debug\pascalcompiler.tlog\link.write.1.tlog
