  emitter.c
C:\Users\Layla H\source\repos\PascalCompiler\PascalCompiler\emitter.c(52,24): warning C4473: 'fprintf' : not enough arguments passed for format string
C:\Users\Layla H\source\repos\PascalCompiler\PascalCompiler\emitter.c(52,24): message : placeholders and their parameters expect 4 variadic arguments, but 2 were provided
C:\Users\Layla H\source\repos\PascalCompiler\PascalCompiler\emitter.c(52,24): message : the missing variadic argument 3 is required by format string '%*d'
C:\Users\Layla H\source\repos\PascalCompiler\PascalCompiler\emitter.c(52,24): message : this argument is used by a conversion specifier
  error.c
C:\Users\Layla H\source\repos\PascalCompiler\PascalCompiler\error.c(7,18): warning C4477: 'fprintf' : format string '%s' requires an argument of type 'char *', but variadic argument 2 has type 'int'
C:\Users\Layla H\source\repos\PascalCompiler\PascalCompiler\error.c(8,6): warning C4013: 'exit' undefined; assuming extern returning int
  init.c
C:\Users\Layla H\source\repos\PascalCompiler\PascalCompiler\init.c(31,15): warning C4013: 'insert' undefined; assuming extern returning int
  lexer.c
C:\Users\Layla H\source\repos\PascalCompiler\PascalCompiler\lexer.c(38,30): warning C4013: 'error' undefined; assuming extern returning int
C:\Users\Layla H\source\repos\PascalCompiler\PascalCompiler\lexer.c(43,27): warning C4013: 'lookup' undefined; assuming extern returning int
C:\Users\Layla H\source\repos\PascalCompiler\PascalCompiler\lexer.c(45,31): warning C4013: 'insert' undefined; assuming extern returning int
  main.c
C:\Users\Layla H\source\repos\PascalCompiler\PascalCompiler\main.c(25,9): warning C4013: 'init' undefined; assuming extern returning int
C:\Users\Layla H\source\repos\PascalCompiler\PascalCompiler\main.c(26,10): warning C4013: 'parse' undefined; assuming extern returning int
C:\Users\Layla H\source\repos\PascalCompiler\PascalCompiler\main.c(30,9): warning C4013: 'exit' undefined; assuming extern returning int
C:\Users\Layla H\source\repos\PascalCompiler\PascalCompiler\main.c(9,9): warning C4101: 'i': unreferenced local variable
  parser.c
C:\Users\Layla H\source\repos\PascalCompiler\PascalCompiler\parser.c(11,22): warning C4013: 'lexan' undefined; assuming extern returning int
C:\Users\Layla H\source\repos\PascalCompiler\PascalCompiler\parser.c(12,13): warning C4013: 'prog' undefined; assuming extern returning int
C:\Users\Layla H\source\repos\PascalCompiler\PascalCompiler\parser.c(18,11): warning C4013: 'header' undefined; assuming extern returning int
C:\Users\Layla H\source\repos\PascalCompiler\PascalCompiler\parser.c(18,22): warning C4013: 'declars' undefined; assuming extern returning int
C:\Users\Layla H\source\repos\PascalCompiler\PascalCompiler\parser.c(19,9): warning C4013: 'emit' undefined; assuming extern returning int
C:\Users\Layla H\source\repos\PascalCompiler\PascalCompiler\parser.c(20,10): warning C4013: 'block' undefined; assuming extern returning int
C:\Users\Layla H\source\repos\PascalCompiler\PascalCompiler\parser.c(20,19): warning C4013: 'match' undefined; assuming extern returning int
C:\Users\Layla H\source\repos\PascalCompiler\PascalCompiler\parser.c(39,15): warning C4013: 'varDeclars' undefined; assuming extern returning int
C:\Users\Layla H\source\repos\PascalCompiler\PascalCompiler\parser.c(43,19): warning C4013: 'varDeclaration' undefined; assuming extern returning int
C:\Users\Layla H\source\repos\PascalCompiler\PascalCompiler\parser.c(51,19): warning C4033: 'varDeclars' must return a value
C:\Users\Layla H\source\repos\PascalCompiler\PascalCompiler\parser.c(53,19): warning C4033: 'varDeclars' must return a value
C:\Users\Layla H\source\repos\PascalCompiler\PascalCompiler\parser.c(59,11): warning C4013: 'idList' undefined; assuming extern returning int
C:\Users\Layla H\source\repos\PascalCompiler\PascalCompiler\parser.c(60,9): warning C4013: 'type' undefined; assuming extern returning int
C:\Users\Layla H\source\repos\PascalCompiler\PascalCompiler\parser.c(61,14): warning C4013: 'printlist' undefined; assuming extern returning int
C:\Users\Layla H\source\repos\PascalCompiler\PascalCompiler\parser.c(80,34): warning C4047: '=': 'char *' differs in levels of indirection from 'int'
C:\Users\Layla H\source\repos\PascalCompiler\PascalCompiler\parser.c(81,19): warning C4033: 'idList' must return a value
C:\Users\Layla H\source\repos\PascalCompiler\PascalCompiler\parser.c(99,15): warning C4033: 'type' must return a value
C:\Users\Layla H\source\repos\PascalCompiler\PascalCompiler\parser.c(86,9): warning C4101: 't': unreferenced local variable
C:\Users\Layla H\source\repos\PascalCompiler\PascalCompiler\parser.c(109,29): warning C4047: '!=': 'char *' differs in levels of indirection from 'int'
C:\Users\Layla H\source\repos\PascalCompiler\PascalCompiler\parser.c(117,19): warning C4033: 'printlist' must return a value
C:\Users\Layla H\source\repos\PascalCompiler\PascalCompiler\parser.c(125,15): warning C4013: 'statements' undefined; assuming extern returning int
C:\Users\Layla H\source\repos\PascalCompiler\PascalCompiler\parser.c(132,10): warning C4013: 'state' undefined; assuming extern returning int
C:\Users\Layla H\source\repos\PascalCompiler\PascalCompiler\parser.c(142,19): warning C4033: 'statements' must return a value
C:\Users\Layla H\source\repos\PascalCompiler\PascalCompiler\parser.c(144,19): warning C4033: 'statements' must return a value
C:\Users\Layla H\source\repos\PascalCompiler\PascalCompiler\parser.c(156,12): warning C4013: 'exp' undefined; assuming extern returning int
C:\Users\Layla H\source\repos\PascalCompiler\PascalCompiler\parser.c(161,58): warning C4013: 'elseClause' undefined; assuming extern returning int
C:\Users\Layla H\source\repos\PascalCompiler\PascalCompiler\parser.c(165,15): warning C4033: 'state' must return a value
C:\Users\Layla H\source\repos\PascalCompiler\PascalCompiler\parser.c(189,19): warning C4033: 'expList' must return a value
C:\Users\Layla H\source\repos\PascalCompiler\PascalCompiler\parser.c(194,12): warning C4013: 'simpExp' undefined; assuming extern returning int
C:\Users\Layla H\source\repos\PascalCompiler\PascalCompiler\parser.c(204,19): warning C4033: 'exp' must return a value
C:\Users\Layla H\source\repos\PascalCompiler\PascalCompiler\parser.c(214,13): warning C4013: 'term' undefined; assuming extern returning int
C:\Users\Layla H\source\repos\PascalCompiler\PascalCompiler\parser.c(223,23): warning C4033: 'simpExp' must return a value
C:\Users\Layla H\source\repos\PascalCompiler\PascalCompiler\parser.c(228,15): warning C4033: 'simpExp' must return a value
C:\Users\Layla H\source\repos\PascalCompiler\PascalCompiler\parser.c(234,11): warning C4013: 'factor' undefined; assuming extern returning int
C:\Users\Layla H\source\repos\PascalCompiler\PascalCompiler\parser.c(242,19): warning C4033: 'term' must return a value
C:\Users\Layla H\source\repos\PascalCompiler\PascalCompiler\parser.c(260,15): warning C4033: 'factor' must return a value
C:\Users\Layla H\source\repos\PascalCompiler\PascalCompiler\parser.c(274,15): warning C4013: 'error' undefined; assuming extern returning int
  symbol.c
C:\Users\Layla H\source\repos\PascalCompiler\PascalCompiler\symbol.c(17,19): warning C4013: 'strcmp' undefined; assuming extern returning int
C:\Users\Layla H\source\repos\PascalCompiler\PascalCompiler\symbol.c(26,17): warning C4013: 'strlen' undefined; assuming extern returning int
C:\Users\Layla H\source\repos\PascalCompiler\PascalCompiler\symbol.c(28,14): warning C4013: 'error' undefined; assuming extern returning int
C:\Users\Layla H\source\repos\PascalCompiler\PascalCompiler\symbol.c(35,11): warning C4013: 'strcpy' undefined; assuming extern returning int
  Generating Code...
C:\Users\Layla H\source\repos\PascalCompiler\PascalCompiler\parser.c(22): warning C4716: 'prog': must return a value
C:\Users\Layla H\source\repos\PascalCompiler\PascalCompiler\parser.c(36): warning C4716: 'header': must return a value
C:\Users\Layla H\source\repos\PascalCompiler\PascalCompiler\parser.c(40): warning C4716: 'declars': must return a value
C:\Users\Layla H\source\repos\PascalCompiler\PascalCompiler\parser.c(56): warning C4716: 'varDeclars': must return a value
C:\Users\Layla H\source\repos\PascalCompiler\PascalCompiler\parser.c(63): warning C4716: 'varDeclaration': must return a value
C:\Users\Layla H\source\repos\PascalCompiler\PascalCompiler\parser.c(102): warning C4716: 'type': must return a value
C:\Users\Layla H\source\repos\PascalCompiler\PascalCompiler\parser.c(84): warning C4716: 'idList': must return a value
C:\Users\Layla H\source\repos\PascalCompiler\PascalCompiler\parser.c(129): warning C4716: 'block': must return a value
C:\Users\Layla H\source\repos\PascalCompiler\PascalCompiler\parser.c(121): warning C4716: 'printlist': must return a value
C:\Users\Layla H\source\repos\PascalCompiler\PascalCompiler\parser.c(167): warning C4716: 'state': must return a value
C:\Users\Layla H\source\repos\PascalCompiler\PascalCompiler\parser.c(178): warning C4716: 'elseClause': must return a value
C:\Users\Layla H\source\repos\PascalCompiler\PascalCompiler\parser.c(148): warning C4716: 'statements': must return a value
C:\Users\Layla H\source\repos\PascalCompiler\PascalCompiler\parser.c(207): warning C4716: 'exp': must return a value
C:\Users\Layla H\source\repos\PascalCompiler\PascalCompiler\parser.c(231): warning C4716: 'simpExp': must return a value
C:\Users\Layla H\source\repos\PascalCompiler\PascalCompiler\parser.c(245): warning C4716: 'term': must return a value
C:\Users\Layla H\source\repos\PascalCompiler\PascalCompiler\parser.c(263): warning C4716: 'factor': must return a value
C:\Users\Layla H\source\repos\PascalCompiler\PascalCompiler\parser.c(275): warning C4716: 'match': must return a value
  PascalCompiler.vcxproj -> C:\Users\Layla H\source\repos\PascalCompiler\Debug\PascalCompiler.exe
